0 info it worked if it ends with ok
1 verbose cli [ '/usr/local/bin/node', '/usr/local/bin/npm', 'run', 'prep' ]
2 info using npm@3.10.10
3 info using node@v6.10.1
4 verbose run-script [ 'prep' ]
5 info lifecycle imgureddit@1.0.0~prep: imgureddit@1.0.0
6 verbose lifecycle imgureddit@1.0.0~prep: unsafe-perm in lifecycle true
7 verbose lifecycle imgureddit@1.0.0~prep: PATH: /usr/local/lib/node_modules/npm/bin/node-gyp-bin:/Users/benfausch/Sites/PersonalProjects/Imgureddit/node_modules/.bin:/Users/benfausch/.rvm/gems/ruby-2.4.0/bin:/Users/benfausch/.rvm/gems/ruby-2.4.0@global/bin:/Users/benfausch/.rvm/rubies/ruby-2.4.0/bin:/opt/local/bin:/opt/local/sbin:/Users/benfausch/.yarn/bin:/Library/Frameworks/Python.framework/Versions/3.6/bin:/Applications/MAMP/Library/bin:/Applications/MAMP/bin/php/php5.6.25/bin:/usr/local/bin:/usr/bin:/bin:/usr/sbin:/sbin:/opt/X11/bin:/Users/benfausch/Library/Android/sdk/platform-tools/:/Users/benfausch/.rvm/bin
8 verbose lifecycle imgureddit@1.0.0~prep: CWD: /Users/benfausch/Sites/PersonalProjects/Imgureddit
9 silly lifecycle imgureddit@1.0.0~prep: Args: [ '-c', 'webpack && eslint js/app.js --cache --fix' ]
10 silly lifecycle imgureddit@1.0.0~prep: Returned: code: 1  signal: null
11 info lifecycle imgureddit@1.0.0~prep: Failed to exec prep script
12 verbose stack Error: imgureddit@1.0.0 prep: `webpack && eslint js/app.js --cache --fix`
12 verbose stack Exit status 1
12 verbose stack     at EventEmitter.<anonymous> (/usr/local/lib/node_modules/npm/lib/utils/lifecycle.js:255:16)
12 verbose stack     at emitTwo (events.js:106:13)
12 verbose stack     at EventEmitter.emit (events.js:191:7)
12 verbose stack     at ChildProcess.<anonymous> (/usr/local/lib/node_modules/npm/lib/utils/spawn.js:40:14)
12 verbose stack     at emitTwo (events.js:106:13)
12 verbose stack     at ChildProcess.emit (events.js:191:7)
12 verbose stack     at maybeClose (internal/child_process.js:886:16)
12 verbose stack     at Process.ChildProcess._handle.onexit (internal/child_process.js:226:5)
13 verbose pkgid imgureddit@1.0.0
14 verbose cwd /Users/benfausch/Sites/PersonalProjects/Imgureddit
15 error Darwin 15.6.0
16 error argv "/usr/local/bin/node" "/usr/local/bin/npm" "run" "prep"
17 error node v6.10.1
18 error npm  v3.10.10
19 error code ELIFECYCLE
20 error imgureddit@1.0.0 prep: `webpack && eslint js/app.js --cache --fix`
20 error Exit status 1
21 error Failed at the imgureddit@1.0.0 prep script 'webpack && eslint js/app.js --cache --fix'.
21 error Make sure you have the latest version of node.js and npm installed.
21 error If you do, this is most likely a problem with the imgureddit package,
21 error not with npm itself.
21 error Tell the author that this fails on your system:
21 error     webpack && eslint js/app.js --cache --fix
21 error You can get information on how to open an issue for this project with:
21 error     npm bugs imgureddit
21 error Or if that isn't available, you can get their info via:
21 error     npm owner ls imgureddit
21 error There is likely additional logging output above.
22 verbose exit [ 1, true ]
